mode: count
github.com/boddly/mux-golang-sdk/pkg/video/playbacks/create_playback_id.go:4.60,6.2 1 0
github.com/boddly/mux-golang-sdk/pkg/video/playbacks/delete_playback_id.go:4.56,6.2 1 0
github.com/boddly/mux-golang-sdk/pkg/video/playbacks/get_playback_id.go:4.61,6.2 1 0
github.com/boddly/mux-golang-sdk/pkg/video/image/gif.go:29.37,30.14 1 20
github.com/boddly/mux-golang-sdk/pkg/video/image/gif.go:34.2,41.8 1 20
github.com/boddly/mux-golang-sdk/pkg/video/image/gif.go:30.14,32.3 1 0
github.com/boddly/mux-golang-sdk/pkg/video/image/gif.go:44.35,47.20 2 1
github.com/boddly/mux-golang-sdk/pkg/video/image/gif.go:50.2,50.97 1 1
github.com/boddly/mux-golang-sdk/pkg/video/image/gif.go:47.20,49.3 1 0
github.com/boddly/mux-golang-sdk/pkg/video/image/gif.go:53.43,56.2 2 4
github.com/boddly/mux-golang-sdk/pkg/video/image/gif.go:58.41,61.28 2 4
github.com/boddly/mux-golang-sdk/pkg/video/image/gif.go:65.2,65.10 1 4
github.com/boddly/mux-golang-sdk/pkg/video/image/gif.go:61.28,63.3 1 1
github.com/boddly/mux-golang-sdk/pkg/video/image/gif.go:68.41,69.13 1 3
github.com/boddly/mux-golang-sdk/pkg/video/image/gif.go:73.2,73.11 1 3
github.com/boddly/mux-golang-sdk/pkg/video/image/gif.go:77.2,79.10 2 2
github.com/boddly/mux-golang-sdk/pkg/video/image/gif.go:69.13,71.3 1 1
github.com/boddly/mux-golang-sdk/pkg/video/image/gif.go:73.11,75.3 1 1
github.com/boddly/mux-golang-sdk/pkg/video/image/gif.go:82.42,83.13 1 4
github.com/boddly/mux-golang-sdk/pkg/video/image/gif.go:87.2,87.12 1 4
github.com/boddly/mux-golang-sdk/pkg/video/image/gif.go:91.2,93.10 2 2
github.com/boddly/mux-golang-sdk/pkg/video/image/gif.go:83.13,85.3 1 1
github.com/boddly/mux-golang-sdk/pkg/video/image/gif.go:87.12,89.3 1 2
github.com/boddly/mux-golang-sdk/pkg/video/image/gif.go:96.39,97.12 1 4
github.com/boddly/mux-golang-sdk/pkg/video/image/gif.go:101.2,101.12 1 4
github.com/boddly/mux-golang-sdk/pkg/video/image/gif.go:105.2,107.10 2 2
github.com/boddly/mux-golang-sdk/pkg/video/image/gif.go:97.12,99.3 1 1
github.com/boddly/mux-golang-sdk/pkg/video/image/gif.go:101.12,103.3 1 2
github.com/boddly/mux-golang-sdk/pkg/video/image/thumbnail.go:39.54,41.34 2 3
github.com/boddly/mux-golang-sdk/pkg/video/image/thumbnail.go:44.2,54.8 1 2
github.com/boddly/mux-golang-sdk/pkg/video/image/thumbnail.go:41.34,43.3 1 1
github.com/boddly/mux-golang-sdk/pkg/video/image/thumbnail.go:57.44,60.17 2 0
github.com/boddly/mux-golang-sdk/pkg/video/image/thumbnail.go:63.2,63.18 1 0
github.com/boddly/mux-golang-sdk/pkg/video/image/thumbnail.go:66.2,66.19 1 0
github.com/boddly/mux-golang-sdk/pkg/video/image/thumbnail.go:69.2,69.19 1 0
github.com/boddly/mux-golang-sdk/pkg/video/image/thumbnail.go:73.2,73.10 1 0
github.com/boddly/mux-golang-sdk/pkg/video/image/thumbnail.go:60.17,62.3 1 0
github.com/boddly/mux-golang-sdk/pkg/video/image/thumbnail.go:63.18,65.3 1 0
github.com/boddly/mux-golang-sdk/pkg/video/image/thumbnail.go:66.19,68.3 1 0
github.com/boddly/mux-golang-sdk/pkg/video/image/thumbnail.go:69.19,71.3 1 0
github.com/boddly/mux-golang-sdk/pkg/video/image/thumbnail.go:76.57,79.2 2 0
github.com/boddly/mux-golang-sdk/pkg/video/image/thumbnail.go:81.56,84.2 2 0
github.com/boddly/mux-golang-sdk/pkg/video/image/thumbnail.go:86.57,89.2 2 0
github.com/boddly/mux-golang-sdk/pkg/video/image/thumbnail.go:91.57,92.37 1 0
github.com/boddly/mux-golang-sdk/pkg/video/image/thumbnail.go:95.2,96.10 2 0
github.com/boddly/mux-golang-sdk/pkg/video/image/thumbnail.go:92.37,94.3 1 0
github.com/boddly/mux-golang-sdk/pkg/video/image/thumbnail.go:99.59,100.88 1 0
github.com/boddly/mux-golang-sdk/pkg/video/image/thumbnail.go:104.2,105.10 2 0
github.com/boddly/mux-golang-sdk/pkg/video/image/thumbnail.go:100.88,102.3 1 0
github.com/boddly/mux-golang-sdk/pkg/video/image/thumbnail.go:108.55,111.2 2 0
github.com/boddly/mux-golang-sdk/pkg/video/image/thumbnail.go:113.55,116.2 2 0
